C51 COMPILER V9.51   U3                                                                    06/23/2022 13:56:43 PAGE 1   


C51 COMPILER V9.51, COMPILATION OF MODULE U3
OBJECT MODULE PLACED IN U3.OBJ
COMPILER INVOKED BY: C:\Keil\C51\BIN\C51.EXE U3.c OMF2 BROWSE DEBUG TABS(2)

line level    source

   1          #include <REGX52.H>
   2          
   3          unsigned char xdata left _at_ 0xFE00;
   4          unsigned char xdata right _at_ 0xFD00;
   5          
   6          unsigned char code Koder[] = {0x3F, 0x06, 0x5B, 0x4F, 0x66,
   7                                        0x6D, 0x7D, 0x07, 0x7F, 0x6F};
   8          unsigned char tLeft=0;
   9          unsigned char tRight=0;
  10          unsigned char get_char = 0x00;
  11          
  12          void Delay(void)
  13          {
  14   1        unsigned char i, j;
  15   1        for(i=0;i<200;i++) 
  16   1          for(j=0;j<200;j++) {;}
  17   1      }
  18          
  19          void print(void) interrupt 3
  20          {
  21   1          left=Koder[tLeft];
  22   1          right=Koder[tRight];
  23   1      }
  24          
  25          void init(void)
  26          {
  27   1          P3_4=0;
  28   1          SCON=0x50;
  29   1          T2CON=0x30;
  30   1          TH2=0xFF;
  31   1          TL2=0xDC;
  32   1          RCAP2H=0xFF;
  33   1          RCAP2L=0xDC;
  34   1        
  35   1          // Konfiguracja odbiornika
  36   1          ES=1;
  37   1          PS=0x10;
  38   1      
  39   1          // timer1 - interrupt 3, wyswietlanie
  40   1          TCON=0x00;
  41   1          TMOD=TMOD & 0x0F;
  42   1          TMOD=TMOD | 0x20;
  43   1          TL1=TH1=0x00;
  44   1          ET1=1;
  45   1        
  46   1          EA=1;
  47   1          TR1=1;
  48   1          TR2=1;
  49   1      
  50   1          IT0 = 1;
  51   1          EX0 = 1;
  52   1      }
  53          
  54          void reset_with_button(void) interrupt 0
  55          {
C51 COMPILER V9.51   U3                                                                    06/23/2022 13:56:43 PAGE 2   

  56   1          tLeft = get_char/10;
  57   1          tRight = get_char%10;
  58   1      }
  59          
  60          void receive(void) interrupt 4
  61          {
  62   1          if(TI==1)
  63   1              TI = 0;
  64   1          if(RI==1){
  65   2              RI = 0;
  66   2              get_char=SBUF;
  67   2          }
  68   1          tLeft = get_char/10;
  69   1          tRight = get_char%10;
  70   1      }
  71          
  72          void main (void){
  73   1          unsigned char i = 0;
  74   1          init();
  75   1          while(1){
  76   2            Delay();
  77   2              if(tLeft)
  78   2            tLeft--;
  79   2          else
  80   2            tLeft = get_char/10;
  81   2          
  82   2          if(tRight)
  83   2            tRight--;
  84   2          else
  85   2            tRight = get_char%10;
  86   2          }
  87   1      }


MODULE INFORMATION:   STATIC OVERLAYABLE
   CODE SIZE        =    222    ----
   CONSTANT SIZE    =     10    ----
   XDATA SIZE       =   ----    ----
   PDATA SIZE       =   ----    ----
   DATA SIZE        =      3       1
   IDATA SIZE       =   ----    ----
   BIT SIZE         =   ----    ----
   EDATA SIZE       =   ----    ----
   HDATA SIZE       =   ----    ----
   XDATA CONST SIZE =   ----    ----
   FAR CONST SIZE   =   ----    ----
END OF MODULE INFORMATION.


C51 COMPILATION COMPLETE.  0 WARNING(S),  0 ERROR(S)
