C51 COMPILER V8.12   ZAD2                                                                  06/06/2022 21:09:14 PAGE 1   


C51 COMPILER V8.12, COMPILATION OF MODULE ZAD2
OBJECT MODULE PLACED IN zad2.OBJ
COMPILER INVOKED BY: C:\Keil\C51\BIN\C51.EXE zad2.c OMF2 BROWSE DEBUG

line level    source

   1          //PWM_Przyklad
   2          // zmiana wspolczynnika wypelnienia
   3          // zmiana czestotliwosci impulsow PWM (Pulse Width Modulation)
   4          
   5          #include <REGX52.H>
   6          
   7          sbit IN1_Pin = P2^1;
   8          sbit IN2_Pin = P2^2;
   9          sbit PWM_Pin = P2^3;
  10          sbit PWMl_Pin = P2^4;
  11          sbit IN3_Pin = P2^5;
  12          sbit IN4_Pin = P2^6;
  13          
  14          
  15          
  16          // zmienne globalne
  17          bit stop = 1;
  18          unsigned char PWM = 0; // wartosc od 0 (0% duty cycle) do 255 (100% duty cycle)
  19          unsigned int temp = 0; // zmienna robocza w procedurze obs³ugi przerwania Timer0
  20          
  21          
  22          #define PWM_Freq_Num 40 // 1 = najwyzsza czestotliwosc gdy PWM_Freq_Num, zakres 1 - 255
  23          
  24          void handlebutton() interrupt 2
  25          {
  26   1          stop = !stop;
  27   1          PWM_Pin = 0;
  28   1          PWMl_Pin = 0;
  29   1      }
  30          
  31          void InitTimer0(void)
  32          {
  33   1      
  34   1          IT1 = 1; // INT1 aktywne zero
  35   1          EX1 = 1; // Wlaczenia INT1
  36   1      
  37   1              TMOD &= 0xF0;    // wyzeruj bity dla Timer0
  38   1              TMOD |= 0x01;    // ustaw tryb mode 1 = 16bit mode
  39   1              
  40   1              TH0 = 0x00;      // Pierwsze
  41   1              TL0 = 0x00;      // ustawienie
  42   1              
  43   1              ET0 = 1;         // Enable Timer0 interrupts
  44   1              EA  = 1;         // Enable All
  45   1              
  46   1              TR0 = 1;         // Start Timer 0
  47   1      }
  48          
  49          int main(void)
  50          {
  51   1          InitTimer0(); // Init Timer0 dla rozpoczecia generacji przerwan
  52   1          IN1_Pin = 0;
  53   1          IN2_Pin = 1;
  54   1          PWM_Pin = 0;
  55   1      
C51 COMPILER V8.12   ZAD2                                                                  06/06/2022 21:09:14 PAGE 2   

  56   1          IN3_Pin = 0;
  57   1          IN4_Pin = 1;
  58   1          PWMl_Pin = 0;
  59   1      
  60   1          PWM = 69;
  61   1          while(1) {;}
  62   1      }
  63          
  64          void Timer0_ISR (void) interrupt 1
  65          {
  66   1          TR0 = 0; // Stop Timer 0
  67   1          if(PWM_Pin) // if PWM_Pin =1 wyzeruj sygnal PWM i zaladuj licznik
  68   1          { 
  69   2              temp = (255 - PWM) * PWM_Freq_Num;
  70   2              TH0 = 0xFF - (temp >> 8) & 0xFF;
  71   2              TL0 = 0xFF - temp & 0xFF;
  72   2          }
  73   1          else // if PWM_Pin =0 ustaw pin na 1 i zaladuj licznik
  74   1          { 
  75   2              temp = PWM * PWM_Freq_Num;
  76   2              TH0 = 0xFF - (temp >> 8) & 0xFF;
  77   2              TL0 = 0xFF - temp & 0xFF;
  78   2          }
  79   1          if(!stop)
  80   1          {
  81   2              PWM_Pin = !PWM_Pin;
  82   2              PWMl_Pin = !PWMl_Pin;
  83   2          }
  84   1      
  85   1          TF0 = 0; // wyczysc flage
  86   1          TR0 = 1; // Start Timer 0
  87   1      }


MODULE INFORMATION:   STATIC OVERLAYABLE
   CODE SIZE        =    157    ----
   CONSTANT SIZE    =   ----    ----
   XDATA SIZE       =   ----    ----
   PDATA SIZE       =   ----    ----
   DATA SIZE        =      3    ----
   IDATA SIZE       =   ----    ----
   BIT SIZE         =      1    ----
   EDATA SIZE       =   ----    ----
   HDATA SIZE       =   ----    ----
   XDATA CONST SIZE =   ----    ----
   FAR CONST SIZE   =   ----    ----
END OF MODULE INFORMATION.


C51 COMPILATION COMPLETE.  0 WARNING(S),  0 ERROR(S)
