C51 COMPILER V8.12   LAB3_3                                                                05/22/2022 17:10:18 PAGE 1   


C51 COMPILER V8.12, COMPILATION OF MODULE LAB3_3
OBJECT MODULE PLACED IN lab3_3.OBJ
COMPILER INVOKED BY: C:\Keil\C51\BIN\C51.EXE lab3_3.c OMF2 BROWSE DEBUG

line level    source

   1          #include <REGX52.H>
   2          
   3          unsigned char code tab[] = {0xEF, 0xDF, 0xBF, 0x7F};
   4          unsigned char x;
   5          bit success = 1;
   6          unsigned char ccind = 0;
   7          unsigned char code correctCode[] = {    
   8                  0xDD, // k3+w2 6
   9                  0xBB, // k2+w3 8
  10                  0xED, // k3+w1 3
  11                  0xDD  // k2+w2 6
  12          };
  13          
  14          void Delay(void)
  15          {
  16   1              unsigned char i, j;
  17   1              for(i=0;i<190;i++) 
  18   1                      for(j=0;j<200;j++) {;}
  19   1      }
  20          
  21          void HalfDelay(void)
  22          {
  23   1              unsigned char i, j;
  24   1              for(i=0;i<190;i++) 
  25   1                      for(j=0;j<100;j++) {;}
  26   1      }
  27          
  28          void checkCode(void)
  29          {
  30   1              if(ccind==4)
  31   1              {
  32   2                      if(success)
  33   2                      {
  34   3                              if(P2==0x77) // gwiazdka - error
  35   3                              {
  36   4                                      for(x=0;x<7;x++)
  37   4                                      {
  38   5                                              if(x==3) //Pauza
  39   5                                              {
  40   6                                                      Delay();        
  41   6                                              }
  42   5                                              else //Blysk
  43   5                                              {
  44   6                                                      P0_0 = 0;
  45   6                                                      HalfDelay();
  46   6                                                      P0_0 = 1;
  47   6                                                      HalfDelay();    
  48   6                                              }       
  49   5                                      }                               
  50   4                              }
  51   3                              else if(P2==0x7D) // krzyzyk - otwarcie
  52   3                              {
  53   4                                      for(x=0;x<6;x++)
  54   4                                      {
  55   5                                              P0_0 = 0;
C51 COMPILER V8.12   LAB3_3                                                                05/22/2022 17:10:18 PAGE 2   

  56   5                                              HalfDelay();
  57   5                                              P0_0 = 1;
  58   5                                              HalfDelay();            
  59   5                                      }               
  60   4                              }
  61   3                      }
  62   2                      ccind=0;
  63   2                      success = 1;    
  64   2              }
  65   1              else
  66   1              {
  67   2                      if(!(P2==correctCode[ccind]))
  68   2                      {
  69   3                              success=0;      
  70   3                      }
  71   2                      ccind++;
  72   2              }               
  73   1      }
  74          
  75          void main (void)
  76          {
  77   1              unsigned char data i=0;
  78   1              while(1)
  79   1              {
  80   2                      P2=tab[i];
  81   2                      if(!(P2_1 & P2_2 & P2_3))
  82   2                      {
  83   3                              checkCode();
  84   3                              while(!(P2_1 & P2_2 & P2_3));
  85   3                      }
  86   2                      else
  87   2                      {
  88   3                              if(i<3)
  89   3                                      i++;
  90   3                              else
  91   3                                      i=0;
  92   3                      }       
  93   2              }       
  94   1      }


MODULE INFORMATION:   STATIC OVERLAYABLE
   CODE SIZE        =    163    ----
   CONSTANT SIZE    =      8    ----
   XDATA SIZE       =   ----    ----
   PDATA SIZE       =   ----    ----
   DATA SIZE        =      2    ----
   IDATA SIZE       =   ----    ----
   BIT SIZE         =      1    ----
   EDATA SIZE       =   ----    ----
   HDATA SIZE       =   ----    ----
   XDATA CONST SIZE =   ----    ----
   FAR CONST SIZE   =   ----    ----
END OF MODULE INFORMATION.


C51 COMPILATION COMPLETE.  0 WARNING(S),  0 ERROR(S)
